[0603/202958.263:ERROR:process_info.cc(329)] VirtualQueryEx: Access is denied. (0x5)
[0603/202958.314:ERROR:process_info.cc(556)] ReadMemoryInfo failed
[0603/202958.314:ERROR:scoped_process_suspend.cc(40)] NtResumeProcess: An attempt was made to access an exiting process. (0xc000010a)
[0603/203614.813:ERROR:process_info.cc(329)] VirtualQueryEx: Access is denied. (0x5)
[0603/203614.813:ERROR:process_info.cc(556)] ReadMemoryInfo failed
[0603/203614.813:ERROR:scoped_process_suspend.cc(40)] NtResumeProcess: An attempt was made to access an exiting process. (0xc000010a)
[0605/201351.643:ERROR:process_memory_win.cc(73)] ReadMemory at 0xc1a2f95000 of 110592 bytes failed: Only part of a ReadProcessMemory or WriteProcessMemory request was completed. (0x12B)
[0605/201351.643:ERROR:process_memory_win.cc(73)] ReadMemory at 0xc1a565d000 of 12288 bytes failed: Only part of a ReadProcessMemory or WriteProcessMemory request was completed. (0x12B)
[0605/201351.644:ERROR:process_memory_win.cc(73)] ReadMemory at 0xc1a5e58000 of 32768 bytes failed: Only part of a ReadProcessMemory or WriteProcessMemory request was completed. (0x12B)
[0605/201351.644:ERROR:process_memory_win.cc(73)] ReadMemory at 0xc1a665c000 of 16384 bytes failed: Only part of a ReadProcessMemory or WriteProcessMemory request was completed. (0x12B)
[0605/201351.644:ERROR:process_memory_win.cc(73)] ReadMemory at 0xc1a6e5b000 of 20480 bytes failed: Only part of a ReadProcessMemory or WriteProcessMemory request was completed. (0x12B)
[0605/201351.644:ERROR:process_memory_win.cc(73)] ReadMemory at 0xc1a765e000 of 8192 bytes failed: Only part of a ReadProcessMemory or WriteProcessMemory request was completed. (0x12B)
[0605/201351.644:ERROR:process_memory_win.cc(73)] ReadMemory at 0xc1a7e5d000 of 12288 bytes failed: Only part of a ReadProcessMemory or WriteProcessMemory request was completed. (0x12B)
[0605/201351.644:ERROR:process_memory_win.cc(73)] ReadMemory at 0xc1a885b000 of 20480 bytes failed: Only part of a ReadProcessMemory or WriteProcessMemory request was completed. (0x12B)
[0605/201351.644:ERROR:process_memory_win.cc(73)] ReadMemory at 0xc1a985d000 of 12288 bytes failed: Only part of a ReadProcessMemory or WriteProcessMemory request was completed. (0x12B)
[0605/201351.644:ERROR:process_memory_win.cc(73)] ReadMemory at 0xc1aa859000 of 28672 bytes failed: Only part of a ReadProcessMemory or WriteProcessMemory request was completed. (0x12B)
[0605/201351.644:ERROR:process_memory_win.cc(73)] ReadMemory at 0xc1ab05a000 of 24576 bytes failed: Only part of a ReadProcessMemory or WriteProcessMemory request was completed. (0x12B)
[0605/201351.644:ERROR:process_memory_win.cc(73)] ReadMemory at 0xc1ab85b000 of 20480 bytes failed: Only part of a ReadProcessMemory or WriteProcessMemory request was completed. (0x12B)
[0605/201351.644:ERROR:process_memory_win.cc(73)] ReadMemory at 0xc1a9058000 of 32768 bytes failed: Only part of a ReadProcessMemory or WriteProcessMemory request was completed. (0x12B)
[0605/201351.644:ERROR:process_memory_win.cc(73)] ReadMemory at 0xc1aa056000 of 40960 bytes failed: Only part of a ReadProcessMemory or WriteProcessMemory request was completed. (0x12B)
[0605/201351.644:ERROR:process_memory_win.cc(73)] ReadMemory at 0xc1a30e0860 of 6174 bytes failed: Only part of a ReadProcessMemory or WriteProcessMemory request was completed. (0x12B)
[0605/201351.645:ERROR:process_memory_win.cc(73)] ReadMemory at 0xc1a30e2090 of 1012 bytes failed: Only part of a ReadProcessMemory or WriteProcessMemory request was completed. (0x12B)
[0605/201351.645:ERROR:process_memory_win.cc(73)] ReadMemory at 0xc1a30e26a8 of 118 bytes failed: Only part of a ReadProcessMemory or WriteProcessMemory request was completed. (0x12B)
[0605/201351.645:ERROR:process_memory_win.cc(73)] ReadMemory at 0xc1a30e2720 of 1318 bytes failed: Only part of a ReadProcessMemory or WriteProcessMemory request was completed. (0x12B)
[0605/201351.645:ERROR:process_memory_win.cc(73)] ReadMemory at 0xc1a30e2c48 of 118 bytes failed: Only part of a ReadProcessMemory or WriteProcessMemory request was completed. (0x12B)
[0605/201351.645:ERROR:process_memory_win.cc(73)] ReadMemory at 0xc1a30e2cc0 of 100 bytes failed: Only part of a ReadProcessMemory or WriteProcessMemory request was completed. (0x12B)
[0605/201351.645:ERROR:process_memory_win.cc(73)] ReadMemory at 0xc1a30e2d30 of 58 bytes failed: Only part of a ReadProcessMemory or WriteProcessMemory request was completed. (0x12B)
[0605/201351.645:ERROR:process_memory_win.cc(73)] ReadMemory at 0xc1a30e2e30 of 132 bytes failed: Only part of a ReadProcessMemory or WriteProcessMemory request was completed. (0x12B)
[0605/201351.645:ERROR:process_memory_win.cc(73)] ReadMemory at 0xc1a30e2fb0 of 132 bytes failed: Only part of a ReadProcessMemory or WriteProcessMemory request was completed. (0x12B)
[0605/201351.645:ERROR:process_memory_win.cc(73)] ReadMemory at 0xc1a30e31c0 of 124 bytes failed: Only part of a ReadProcessMemory or WriteProcessMemory request was completed. (0x12B)
[0605/201351.645:ERROR:process_memory_win.cc(73)] ReadMemory at 0xc1a30e34b0 of 64 bytes failed: Only part of a ReadProcessMemory or WriteProcessMemory request was completed. (0x12B)
[0605/201351.645:ERROR:process_memory_win.cc(73)] ReadMemory at 0xc1a30e3500 of 132 bytes failed: Only part of a ReadProcessMemory or WriteProcessMemory request was completed. (0x12B)
[0605/201351.645:ERROR:process_memory_win.cc(73)] ReadMemory at 0xc1a30e37c0 of 152 bytes failed: Only part of a ReadProcessMemory or WriteProcessMemory request was completed. (0x12B)
[0605/201351.645:ERROR:process_memory_win.cc(73)] ReadMemory at 0xc1a30e3870 of 68 bytes failed: Only part of a ReadProcessMemory or WriteProcessMemory request was completed. (0x12B)
[0605/201351.645:ERROR:process_memory_win.cc(73)] ReadMemory at 0xc1a30e38c0 of 132 bytes failed: Only part of a ReadProcessMemory or WriteProcessMemory request was completed. (0x12B)
[0605/201351.645:ERROR:process_memory_win.cc(73)] ReadMemory at 0xc1a30e4730 of 132 bytes failed: Only part of a ReadProcessMemory or WriteProcessMemory request was completed. (0x12B)
[0605/201351.645:ERROR:process_memory_win.cc(73)] ReadMemory at 0xc1a30e48b0 of 132 bytes failed: Only part of a ReadProcessMemory or WriteProcessMemory request was completed. (0x12B)
[0605/201351.645:ERROR:process_memory_win.cc(73)] ReadMemory at 0xc1a30e4a30 of 54 bytes failed: Only part of a ReadProcessMemory or WriteProcessMemory request was completed. (0x12B)
[0605/201351.645:ERROR:process_memory_win.cc(73)] ReadMemory at 0xc1a30e5010 of 60 bytes failed: Only part of a ReadProcessMemory or WriteProcessMemory request was completed. (0x12B)
[0605/201351.646:ERROR:process_memory_win.cc(73)] ReadMemory at 0xc1a30e5190 of 132 bytes failed: Only part of a ReadProcessMemory or WriteProcessMemory request was completed. (0x12B)
[0605/201351.646:ERROR:process_memory_win.cc(73)] ReadMemory at 0xc1a30e5f40 of 62 bytes failed: Only part of a ReadProcessMemory or WriteProcessMemory request was completed. (0x12B)
[0605/201351.646:ERROR:process_memory_win.cc(73)] ReadMemory at 0xc1a30e8090 of 132 bytes failed: Only part of a ReadProcessMemory or WriteProcessMemory request was completed. (0x12B)
[0605/201351.646:ERROR:process_memory_win.cc(73)] ReadMemory at 0xc1a30e81b0 of 132 bytes failed: Only part of a ReadProcessMemory or WriteProcessMemory request was completed. (0x12B)
[0605/201351.646:ERROR:process_memory_win.cc(73)] ReadMemory at 0xc1a30eacb0 of 144 bytes failed: Only part of a ReadProcessMemory or WriteProcessMemory request was completed. (0x12B)
[0605/201351.646:ERROR:process_memory_win.cc(73)] ReadMemory at 0xc1a30ecb80 of 64 bytes failed: Only part of a ReadProcessMemory or WriteProcessMemory request was completed. (0x12B)
[0605/201351.646:ERROR:process_memory_win.cc(73)] ReadMemory at 0xc1a30ecbd0 of 64 bytes failed: Only part of a ReadProcessMemory or WriteProcessMemory request was completed. (0x12B)
[0605/201351.646:ERROR:process_memory_win.cc(73)] ReadMemory at 0xc1a30ecc20 of 60 bytes failed: Only part of a ReadProcessMemory or WriteProcessMemory request was completed. (0x12B)
[0605/201351.646:ERROR:process_memory_win.cc(73)] ReadMemory at 0xc1a30ecc70 of 62 bytes failed: Only part of a ReadProcessMemory or WriteProcessMemory request was completed. (0x12B)
[0605/201351.646:ERROR:process_memory_win.cc(73)] ReadMemory at 0xc1a30eccc0 of 60 bytes failed: Only part of a ReadProcessMemory or WriteProcessMemory request was completed. (0x12B)
[0605/201351.646:ERROR:process_memory_win.cc(73)] ReadMemory at 0xc1a30ecd60 of 64 bytes failed: Only part of a ReadProcessMemory or WriteProcessMemory request was completed. (0x12B)
[0605/201351.646:ERROR:process_memory_win.cc(73)] ReadMemory at 0xc1a30ecdb0 of 62 bytes failed: Only part of a ReadProcessMemory or WriteProcessMemory request was completed. (0x12B)
[0605/201351.646:ERROR:process_memory_win.cc(73)] ReadMemory at 0xc1a30ece00 of 64 bytes failed: Only part of a ReadProcessMemory or WriteProcessMemory request was completed. (0x12B)
[0605/201351.646:ERROR:process_memory_win.cc(73)] ReadMemory at 0xc1a30ece50 of 60 bytes failed: Only part of a ReadProcessMemory or WriteProcessMemory request was completed. (0x12B)
[0605/201351.646:ERROR:process_memory_win.cc(73)] ReadMemory at 0xc1a30ecea0 of 62 bytes failed: Only part of a ReadProcessMemory or WriteProcessMemory request was completed. (0x12B)
[0605/201351.646:ERROR:process_memory_win.cc(73)] ReadMemory at 0xc1a30ecef0 of 62 bytes failed: Only part of a ReadProcessMemory or WriteProcessMemory request was completed. (0x12B)
[0605/201351.646:ERROR:process_memory_win.cc(73)] ReadMemory at 0xc1a30ecf40 of 64 bytes failed: Only part of a ReadProcessMemory or WriteProcessMemory request was completed. (0x12B)
[0605/201351.646:ERROR:process_memory_win.cc(73)] ReadMemory at 0xc1a30ecf90 of 60 bytes failed: Only part of a ReadProcessMemory or WriteProcessMemory request was completed. (0x12B)
[0605/201351.647:ERROR:process_memory_win.cc(73)] ReadMemory at 0xc1a30ecfe0 of 62 bytes failed: Only part of a ReadProcessMemory or WriteProcessMemory request was completed. (0x12B)
[0605/201351.647:ERROR:process_memory_win.cc(73)] ReadMemory at 0xc1a30ed030 of 62 bytes failed: Only part of a ReadProcessMemory or WriteProcessMemory request was completed. (0x12B)
[0605/201351.647:ERROR:process_memory_win.cc(73)] ReadMemory at 0xc1a30ed080 of 64 bytes failed: Only part of a ReadProcessMemory or WriteProcessMemory request was completed. (0x12B)
[0605/201351.647:ERROR:process_memory_win.cc(73)] ReadMemory at 0xc1a30ed0d0 of 62 bytes failed: Only part of a ReadProcessMemory or WriteProcessMemory request was completed. (0x12B)
[0605/201351.647:ERROR:process_memory_win.cc(73)] ReadMemory at 0xc1a30ed120 of 60 bytes failed: Only part of a ReadProcessMemory or WriteProcessMemory request was completed. (0x12B)
[0605/201351.647:ERROR:process_memory_win.cc(73)] ReadMemory at 0xc1a30ed170 of 62 bytes failed: Only part of a ReadProcessMemory or WriteProcessMemory request was completed. (0x12B)
[0605/201351.647:ERROR:process_memory_win.cc(73)] ReadMemory at 0xc1a30ed1c0 of 58 bytes failed: Only part of a ReadProcessMemory or WriteProcessMemory request was completed. (0x12B)
[0605/201351.647:ERROR:process_memory_win.cc(73)] ReadMemory at 0xc1a30ed210 of 66 bytes failed: Only part of a ReadProcessMemory or WriteProcessMemory request was completed. (0x12B)
[0605/201351.647:ERROR:process_memory_win.cc(73)] ReadMemory at 0xc1a30ed260 of 60 bytes failed: Only part of a ReadProcessMemory or WriteProcessMemory request was completed. (0x12B)
[0605/201351.647:ERROR:process_memory_win.cc(73)] ReadMemory at 0xc1a30ed2b0 of 64 bytes failed: Only part of a ReadProcessMemory or WriteProcessMemory request was completed. (0x12B)
[0605/201351.647:ERROR:process_memory_win.cc(73)] ReadMemory at 0xc1a30ed450 of 80 bytes failed: Only part of a ReadProcessMemory or WriteProcessMemory request was completed. (0x12B)
[0605/201351.647:ERROR:process_memory_win.cc(73)] ReadMemory at 0xc1a30edb50 of 132 bytes failed: Only part of a ReadProcessMemory or WriteProcessMemory request was completed. (0x12B)
[0605/201351.647:ERROR:process_memory_win.cc(73)] ReadMemory at 0xc1a30edc70 of 132 bytes failed: Only part of a ReadProcessMemory or WriteProcessMemory request was completed. (0x12B)
[0605/201351.647:ERROR:process_memory_win.cc(73)] ReadMemory at 0xc1a30ef050 of 132 bytes failed: Only part of a ReadProcessMemory or WriteProcessMemory request was completed. (0x12B)
[0605/201351.647:ERROR:process_memory_win.cc(73)] ReadMemory at 0xc1a30ef580 of 132 bytes failed: Only part of a ReadProcessMemory or WriteProcessMemory request was completed. (0x12B)
[0605/201351.647:ERROR:process_memory_win.cc(73)] ReadMemory at 0xc1a30ef6a0 of 132 bytes failed: Only part of a ReadProcessMemory or WriteProcessMemory request was completed. (0x12B)
[0605/201351.647:ERROR:process_memory_win.cc(73)] ReadMemory at 0xc1a30f0c30 of 132 bytes failed: Only part of a ReadProcessMemory or WriteProcessMemory request was completed. (0x12B)
[0605/201351.648:ERROR:process_memory_win.cc(73)] ReadMemory at 0xc1a30f0d50 of 132 bytes failed: Only part of a ReadProcessMemory or WriteProcessMemory request was completed. (0x12B)
[0605/201351.648:ERROR:process_memory_win.cc(73)] ReadMemory at 0xc1a30f0e70 of 132 bytes failed: Only part of a ReadProcessMemory or WriteProcessMemory request was completed. (0x12B)
[0605/201351.648:ERROR:process_memory_win.cc(73)] ReadMemory at 0xc1a30f0fe0 of 132 bytes failed: Only part of a ReadProcessMemory or WriteProcessMemory request was completed. (0x12B)
[0605/201351.648:ERROR:process_memory_win.cc(73)] ReadMemory at 0xc1a30f1100 of 132 bytes failed: Only part of a ReadProcessMemory or WriteProcessMemory request was completed. (0x12B)
[0605/201351.648:ERROR:process_memory_win.cc(73)] ReadMemory at 0xc1a30f1220 of 132 bytes failed: Only part of a ReadProcessMemory or WriteProcessMemory request was completed. (0x12B)
[0605/201351.648:ERROR:process_memory_win.cc(73)] ReadMemory at 0xc1a30f1340 of 132 bytes failed: Only part of a ReadProcessMemory or WriteProcessMemory request was completed. (0x12B)
[0605/201351.648:ERROR:process_memory_win.cc(73)] ReadMemory at 0xc1a30f1460 of 132 bytes failed: Only part of a ReadProcessMemory or WriteProcessMemory request was completed. (0x12B)
[0605/201351.648:ERROR:process_memory_win.cc(73)] ReadMemory at 0xc1a30f1580 of 132 bytes failed: Only part of a ReadProcessMemory or WriteProcessMemory request was completed. (0x12B)
[0605/201351.648:ERROR:process_memory_win.cc(73)] ReadMemory at 0xc1a30f16a0 of 132 bytes failed: Only part of a ReadProcessMemory or WriteProcessMemory request was completed. (0x12B)
[0605/201351.648:ERROR:process_memory_win.cc(73)] ReadMemory at 0xc1a30f17c0 of 132 bytes failed: Only part of a ReadProcessMemory or WriteProcessMemory request was completed. (0x12B)
[0605/201351.648:ERROR:process_memory_win.cc(73)] ReadMemory at 0xc1a30f18e0 of 132 bytes failed: Only part of a ReadProcessMemory or WriteProcessMemory request was completed. (0x12B)
[0605/201351.648:ERROR:process_memory_win.cc(73)] ReadMemory at 0xc1a30f1a00 of 132 bytes failed: Only part of a ReadProcessMemory or WriteProcessMemory request was completed. (0x12B)
[0605/201351.648:ERROR:process_memory_win.cc(73)] ReadMemory at 0xc1a30f1b20 of 132 bytes failed: Only part of a ReadProcessMemory or WriteProcessMemory request was completed. (0x12B)
[0605/201351.648:ERROR:process_memory_win.cc(73)] ReadMemory at 0xc1a30f1c40 of 132 bytes failed: Only part of a ReadProcessMemory or WriteProcessMemory request was completed. (0x12B)
[0605/201351.648:ERROR:process_memory_win.cc(73)] ReadMemory at 0xc1a30f1d60 of 132 bytes failed: Only part of a ReadProcessMemory or WriteProcessMemory request was completed. (0x12B)
[0605/201351.648:ERROR:process_memory_win.cc(73)] ReadMemory at 0xc1a30f2890 of 80 bytes failed: Only part of a ReadProcessMemory or WriteProcessMemory request was completed. (0x12B)
[0605/201351.648:ERROR:process_memory_win.cc(73)] ReadMemory at 0xc1a30f3810 of 132 bytes failed: Only part of a ReadProcessMemory or WriteProcessMemory request was completed. (0x12B)
[0605/201351.649:ERROR:process_memory_win.cc(73)] ReadMemory at 0xc1a30f3930 of 132 bytes failed: Only part of a ReadProcessMemory or WriteProcessMemory request was completed. (0x12B)
[0605/201351.649:ERROR:process_memory_win.cc(73)] ReadMemory at 0xc1a30f3b70 of 132 bytes failed: Only part of a ReadProcessMemory or WriteProcessMemory request was completed. (0x12B)
[0605/201351.649:ERROR:process_memory_win.cc(73)] ReadMemory at 0xc1a30f4110 of 132 bytes failed: Only part of a ReadProcessMemory or WriteProcessMemory request was completed. (0x12B)
[0605/201351.649:ERROR:process_memory_win.cc(73)] ReadMemory at 0xc1a30f4470 of 132 bytes failed: Only part of a ReadProcessMemory or WriteProcessMemory request was completed. (0x12B)
[0605/201351.649:ERROR:process_memory_win.cc(73)] ReadMemory at 0xc1a30f4590 of 132 bytes failed: Only part of a ReadProcessMemory or WriteProcessMemory request was completed. (0x12B)
[0605/201351.649:ERROR:process_memory_win.cc(73)] ReadMemory at 0xc1a30f4c50 of 132 bytes failed: Only part of a ReadProcessMemory or WriteProcessMemory request was completed. (0x12B)
[0605/201351.649:ERROR:process_memory_win.cc(73)] ReadMemory at 0xc1a30f4d70 of 132 bytes failed: Only part of a ReadProcessMemory or WriteProcessMemory request was completed. (0x12B)
[0605/201351.649:ERROR:process_memory_win.cc(73)] ReadMemory at 0xc1a30f4fb0 of 132 bytes failed: Only part of a ReadProcessMemory or WriteProcessMemory request was completed. (0x12B)
[0605/201351.649:ERROR:process_memory_win.cc(73)] ReadMemory at 0xc1a30f50d0 of 132 bytes failed: Only part of a ReadProcessMemory or WriteProcessMemory request was completed. (0x12B)
[0605/201351.649:ERROR:process_memory_win.cc(73)] ReadMemory at 0xc1a30f51f0 of 132 bytes failed: Only part of a ReadProcessMemory or WriteProcessMemory request was completed. (0x12B)
[0605/201351.649:ERROR:process_memory_win.cc(73)] ReadMemory at 0xc1a30f5430 of 132 bytes failed: Only part of a ReadProcessMemory or WriteProcessMemory request was completed. (0x12B)
[0605/201351.649:ERROR:process_memory_win.cc(73)] ReadMemory at 0xc1a30f5550 of 132 bytes failed: Only part of a ReadProcessMemory or WriteProcessMemory request was completed. (0x12B)
[0605/201351.649:ERROR:process_memory_win.cc(73)] ReadMemory at 0xc1a30f5c00 of 60 bytes failed: Only part of a ReadProcessMemory or WriteProcessMemory request was completed. (0x12B)
[0605/201351.649:ERROR:process_memory_win.cc(73)] ReadMemory at 0xc1a30f5fc0 of 58 bytes failed: Only part of a ReadProcessMemory or WriteProcessMemory request was completed. (0x12B)
[0605/201351.649:ERROR:process_memory_win.cc(73)] ReadMemory at 0xc1a30f61f0 of 58 bytes failed: Only part of a ReadProcessMemory or WriteProcessMemory request was completed. (0x12B)
[0605/201351.649:ERROR:process_memory_win.cc(73)] ReadMemory at 0xc1a30f6290 of 62 bytes failed: Only part of a ReadProcessMemory or WriteProcessMemory request was completed. (0x12B)
[0605/201351.649:ERROR:process_memory_win.cc(73)] ReadMemory at 0xc1a30f63d0 of 62 bytes failed: Only part of a ReadProcessMemory or WriteProcessMemory request was completed. (0x12B)
[0605/201351.650:ERROR:process_memory_win.cc(73)] ReadMemory at 0xc1a30f6420 of 60 bytes failed: Only part of a ReadProcessMemory or WriteProcessMemory request was completed. (0x12B)
[0605/201351.650:ERROR:process_memory_win.cc(73)] ReadMemory at 0xc1a30f6510 of 62 bytes failed: Only part of a ReadProcessMemory or WriteProcessMemory request was completed. (0x12B)
[0605/201351.650:ERROR:process_memory_win.cc(73)] ReadMemory at 0xc1a30f6650 of 66 bytes failed: Only part of a ReadProcessMemory or WriteProcessMemory request was completed. (0x12B)
[0605/201351.650:ERROR:process_memory_win.cc(73)] ReadMemory at 0xc1a30f69c0 of 58 bytes failed: Only part of a ReadProcessMemory or WriteProcessMemory request was completed. (0x12B)
[0605/201351.650:ERROR:process_memory_win.cc(73)] ReadMemory at 0xc1a30fff70 of 512 bytes failed: Only part of a ReadProcessMemory or WriteProcessMemory request was completed. (0x12B)
[0605/201351.650:ERROR:process_memory_win.cc(73)] ReadMemory at 0xc1a32a0dc0 of 512 bytes failed: Only part of a ReadProcessMemory or WriteProcessMemory request was completed. (0x12B)
[0605/201351.650:ERROR:process_memory_win.cc(73)] ReadMemory at 0xc1a386b4f0 of 512 bytes failed: Only part of a ReadProcessMemory or WriteProcessMemory request was completed. (0x12B)
[0605/201351.650:ERROR:process_memory_win.cc(73)] ReadMemory at 0xc1a387ec50 of 512 bytes failed: Only part of a ReadProcessMemory or WriteProcessMemory request was completed. (0x12B)
[0605/201351.650:ERROR:process_memory_win.cc(73)] ReadMemory at 0xc1a38832d8 of 512 bytes failed: Only part of a ReadProcessMemory or WriteProcessMemory request was completed. (0x12B)
[0605/201351.650:ERROR:process_memory_win.cc(73)] ReadMemory at 0xc1a388ec40 of 712 bytes failed: Only part of a ReadProcessMemory or WriteProcessMemory request was completed. (0x12B)
[0605/201351.650:ERROR:process_memory_win.cc(73)] ReadMemory at 0xc1a3890570 of 512 bytes failed: Only part of a ReadProcessMemory or WriteProcessMemory request was completed. (0x12B)
[0605/201351.650:ERROR:process_memory_win.cc(73)] ReadMemory at 0xc1a3895930 of 512 bytes failed: Only part of a ReadProcessMemory or WriteProcessMemory request was completed. (0x12B)
[0605/201351.650:ERROR:process_memory_win.cc(73)] ReadMemory at 0xc1a38b6fa0 of 512 bytes failed: Only part of a ReadProcessMemory or WriteProcessMemory request was completed. (0x12B)
[0605/201351.650:ERROR:process_memory_win.cc(73)] ReadMemory at 0xc1a38d42d0 of 528 bytes failed: Only part of a ReadProcessMemory or WriteProcessMemory request was completed. (0x12B)
[0605/201351.650:ERROR:process_memory_win.cc(73)] ReadMemory at 0xc1a38d4b50 of 512 bytes failed: Only part of a ReadProcessMemory or WriteProcessMemory request was completed. (0x12B)
[0605/201351.650:ERROR:process_memory_win.cc(73)] ReadMemory at 0xc1a38d6970 of 512 bytes failed: Only part of a ReadProcessMemory or WriteProcessMemory request was completed. (0x12B)
[0605/201351.650:ERROR:process_memory_win.cc(73)] ReadMemory at 0xc1a38da690 of 560 bytes failed: Only part of a ReadProcessMemory or WriteProcessMemory request was completed. (0x12B)
[0605/201351.651:ERROR:process_memory_win.cc(73)] ReadMemory at 0xc1a7f43290 of 512 bytes failed: Only part of a ReadProcessMemory or WriteProcessMemory request was completed. (0x12B)
[0605/201351.651:ERROR:process_memory_win.cc(73)] ReadMemory at 0xc1a7f8e590 of 656 bytes failed: Only part of a ReadProcessMemory or WriteProcessMemory request was completed. (0x12B)
[0605/201351.651:ERROR:process_memory_win.cc(73)] ReadMemory at 0xc1abd74fc0 of 512 bytes failed: Only part of a ReadProcessMemory or WriteProcessMemory request was completed. (0x12B)
[0605/201351.651:ERROR:process_memory_win.cc(73)] ReadMemory at 0x6d6d000edb61 of 512 bytes failed: Only part of a ReadProcessMemory or WriteProcessMemory request was completed. (0x12B)
[0605/201351.651:ERROR:process_memory_win.cc(73)] ReadMemory at 0x6d6d0851c114 of 512 bytes failed: Only part of a ReadProcessMemory or WriteProcessMemory request was completed. (0x12B)
[0605/201351.651:ERROR:process_memory_win.cc(73)] ReadMemory at 0x6d6d08531b84 of 512 bytes failed: Only part of a ReadProcessMemory or WriteProcessMemory request was completed. (0x12B)
[0605/201351.651:ERROR:process_memory_win.cc(73)] ReadMemory at 0x6d6d08e27f74 of 512 bytes failed: Only part of a ReadProcessMemory or WriteProcessMemory request was completed. (0x12B)
[0605/201351.651:ERROR:process_memory_win.cc(73)] ReadMemory at 0x6d6d0924bf7c of 516 bytes failed: Only part of a ReadProcessMemory or WriteProcessMemory request was completed. (0x12B)
[0605/201351.653:ERROR:file_io_win.cc(161)] CreateFile C:\Users\PAVANT~1\AppData\Local\Temp\scoped_dir9316_1110564160\Crashpad\settings.dat: The system cannot find the file specified. (0x2)
[0605/201351.653:ERROR:scoped_process_suspend.cc(40)] NtResumeProcess: An attempt was made to access an exiting process. (0xc000010a)
