2020-06-01 02:19:33 INFO  TestBase:45 - Opened URL
2020-06-01 02:19:34 INFO  TestBase:47 - Window Maxmize
2020-06-01 02:19:35 INFO  MobileSearchPageTest:23 - PopUp Closed
2020-06-01 02:34:32 INFO  TestBase:45 - Opened URL
2020-06-01 02:34:33 INFO  TestBase:47 - Window Maxmize
2020-06-01 02:34:35 INFO  MobileSearchPageTest:23 - PopUp Closed
2020-06-01 20:57:45 INFO  TestBase:45 - Opened URL
2020-06-01 20:57:46 INFO  TestBase:47 - Window Maxmize
2020-06-01 20:57:48 INFO  MobileSearchPageTest:23 - PopUp Closed
2020-06-01 20:57:49 INFO  MoblieSearchPage:57 - Clicked Product Search Bar
2020-06-01 20:57:49 INFO  MoblieSearchPage:59 - Searching Product
2020-06-01 20:57:49 INFO  MoblieSearchPage:61 - Search Button Clicked
2020-06-01 20:57:55 INFO  MoblieSearchPage:77 - //*[contains(text(),'6 GB')]/following::div[@title='4 GB']/div/div/label/div[@class='_1p7h2j']Selected
2020-06-01 21:11:31 INFO  TestBase:45 - Opened URLhttps://www.flipkart.com
2020-06-01 21:24:55 INFO  TestBase:45 - Opened URLhttps://www.flipkart.com
2020-06-01 21:24:58 INFO  MobileSearchPageTest:26 - PopUp Closed
2020-06-01 21:24:58 INFO  MoblieSearchPage:57 - Clicked Product Search Bar
2020-06-01 21:24:58 INFO  MoblieSearchPage:60 - Search Product Phones
2020-06-01 21:24:58 INFO  MoblieSearchPage:63 - Search Button Clicked
2020-06-01 21:25:58 INFO  TestBase:45 - Opened URLhttps://www.flipkart.com
2020-06-01 21:26:00 INFO  MobileSearchPageTest:26 - PopUp Closed
2020-06-01 21:26:01 INFO  MoblieSearchPage:57 - Clicked Product Search Bar
2020-06-01 21:26:01 INFO  MoblieSearchPage:60 - Search Product Phones
2020-06-01 21:26:01 INFO  MoblieSearchPage:63 - Search Button Clicked
2020-06-01 21:26:07 INFO  MoblieSearchPage:79 - 4 GBSelected
2020-06-01 21:36:02 INFO  TestBase:45 - Opened URL https://www.flipkart.com
2020-06-01 21:36:04 INFO  MobileSearchPageTest:26 - Pop Up closed
2020-06-01 21:36:05 INFO  MoblieSearchPage:57 - Clicked Product Search Bar
2020-06-01 21:36:05 INFO  MoblieSearchPage:60 - Search Product Phones
2020-06-01 21:36:05 INFO  MoblieSearchPage:63 - Search Button Clicked
2020-06-01 21:36:09 INFO  MoblieSearchPage:79 - 4 GB GB Selected 
2020-06-01 21:36:58 INFO  TestBase:45 - Opened URL https://www.flipkart.com
2020-06-01 21:37:01 INFO  MobileSearchPageTest:26 - Pop Up closed
2020-06-01 21:37:01 INFO  MoblieSearchPage:57 - Clicked Product Search Bar
2020-06-01 21:37:01 INFO  MoblieSearchPage:60 - Search Product Phones
2020-06-01 21:37:01 INFO  MoblieSearchPage:63 - Search Button Clicked
2020-06-01 21:37:04 INFO  MoblieSearchPage:79 - 4 GB GB Selected 
2020-06-01 21:37:53 INFO  TestBase:45 - Opened URL https://www.flipkart.com
2020-06-01 21:37:56 INFO  MobileSearchPageTest:26 - Pop Up closed
2020-06-01 21:37:56 INFO  MoblieSearchPage:57 - Clicked Product Search Bar
2020-06-01 21:37:56 INFO  MoblieSearchPage:60 - Search Product Phones
2020-06-01 21:37:56 INFO  MoblieSearchPage:63 - Search Button Clicked
2020-06-01 21:38:00 INFO  MoblieSearchPage:79 - 4 GB GB Selected 
2020-06-01 21:38:49 INFO  TestBase:45 - Opened URL https://www.flipkart.com
2020-06-01 21:38:52 INFO  MobileSearchPageTest:26 - Pop Up closed
2020-06-01 21:38:52 INFO  MoblieSearchPage:57 - Clicked Product Search Bar
2020-06-01 21:38:53 INFO  MoblieSearchPage:60 - Search Product Phones
2020-06-01 21:38:53 INFO  MoblieSearchPage:63 - Search Button Clicked
2020-06-01 21:38:56 INFO  MoblieSearchPage:79 - 4 GB GB Selected 
2020-06-01 21:42:39 INFO  TestBase:45 - Opened URL https://www.flipkart.com
2020-06-01 21:42:42 INFO  MobileSearchPageTest:26 - Pop Up closed
2020-06-01 21:42:42 INFO  MoblieSearchPage:57 - Clicked Product Search Bar
2020-06-01 21:42:42 INFO  MoblieSearchPage:60 - Search Product Phones
2020-06-01 21:42:42 INFO  MoblieSearchPage:63 - Search Button Clicked
2020-06-01 21:42:46 INFO  MoblieSearchPage:79 - 4 GB GB Selected 
2020-06-01 21:59:26 INFO  TestBase:45 - Opened URL https://www.flipkart.com
2020-06-01 21:59:29 INFO  MobileSearchPageTest:26 - Pop Up closed
2020-06-01 21:59:29 INFO  MoblieSearchPage:57 - Clicked Product Search Bar
2020-06-01 21:59:29 INFO  MoblieSearchPage:60 - Search Product Phones
2020-06-01 21:59:29 INFO  MoblieSearchPage:63 - Search Button Clicked
2020-06-01 21:59:35 INFO  MoblieSearchPage:79 - 4 GB Selected 
2020-06-01 22:14:45 INFO  TestBase:45 - Opened URL https://www.flipkart.com
2020-06-01 22:14:47 INFO  MobileSearchPageTest:26 - Pop Up closed
2020-06-01 22:14:48 INFO  MoblieSearchPage:57 - Clicked Product Search Bar
2020-06-01 22:14:48 INFO  MoblieSearchPage:60 - Search Product Phones
2020-06-01 22:14:48 INFO  MoblieSearchPage:63 - Search Button Clicked
2020-06-01 22:14:52 INFO  MoblieSearchPage:79 - 4 GB Selected 
2020-06-01 22:16:45 INFO  TestBase:45 - Opened URL https://www.flipkart.com
2020-06-01 22:16:48 INFO  MobileSearchPageTest:26 - Pop Up closed
2020-06-01 22:16:48 INFO  MoblieSearchPage:57 - Clicked Product Search Bar
2020-06-01 22:16:48 INFO  MoblieSearchPage:60 - Search Product Phones
2020-06-01 22:16:48 INFO  MoblieSearchPage:63 - Search Button Clicked
2020-06-01 22:17:38 INFO  TestBase:45 - Opened URL https://www.flipkart.com
2020-06-01 22:17:40 INFO  MobileSearchPageTest:26 - Pop Up closed
2020-06-01 22:17:41 INFO  MoblieSearchPage:57 - Clicked Product Search Bar
2020-06-01 22:17:41 INFO  MoblieSearchPage:60 - Search Product Phones
2020-06-01 22:17:41 INFO  MoblieSearchPage:63 - Search Button Clicked
2020-06-01 22:17:46 INFO  MoblieSearchPage:79 - 4 GB Selected 
2020-06-01 22:26:13 INFO  TestBase:45 - Opened URL https://www.flipkart.com
2020-06-01 22:26:15 INFO  MobileSearchPageTest:26 - Pop Up closed
2020-06-01 22:26:15 INFO  MoblieSearchPage:59 - Clicked Product Search Bar
2020-06-01 22:26:16 INFO  MoblieSearchPage:62 - Search Product Phones
2020-06-01 22:26:16 INFO  MoblieSearchPage:65 - Search Button Clicked
2020-06-01 22:26:23 INFO  MoblieSearchPage:81 - 4 GB Selected 
2020-06-01 22:27:22 INFO  TestBase:45 - Opened URL https://www.flipkart.com
2020-06-01 22:27:25 INFO  MobileSearchPageTest:26 - Pop Up closed
2020-06-01 22:27:25 INFO  MoblieSearchPage:59 - Clicked Product Search Bar
2020-06-01 22:27:25 INFO  MoblieSearchPage:62 - Search Product Phones
2020-06-01 22:27:25 INFO  MoblieSearchPage:65 - Search Button Clicked
2020-06-01 22:27:29 INFO  MoblieSearchPage:81 - 4 GB Selected 
2020-06-01 22:28:57 INFO  TestBase:45 - Opened URL https://www.flipkart.com
2020-06-01 22:29:00 INFO  MobileSearchPageTest:26 - Pop Up closed
2020-06-01 22:29:25 INFO  TestBase:45 - Opened URL https://www.flipkart.com
2020-06-01 22:29:25 INFO  MoblieSearchPage:59 - Clicked Product Search Bar
2020-06-01 22:29:26 INFO  MoblieSearchPage:62 - Search Product Phones
2020-06-01 22:29:27 INFO  MoblieSearchPage:65 - Search Button Clicked
2020-06-01 22:29:32 INFO  MoblieSearchPage:81 - 4 GB Selected 
2020-06-01 22:29:40 INFO  MobileSearchPageTest:26 - Pop Up closed
2020-06-01 22:57:08 INFO  TestBase:45 - Opened URL https://www.flipkart.com
2020-06-01 22:57:11 INFO  MobileSearchPageTest:26 - Pop Up closed
2020-06-01 23:41:07 INFO  TestBase:45 - Opened URL https://www.flipkart.com
2020-06-01 23:41:10 INFO  MobileSearchPageTest:26 - Pop Up closed
2020-06-01 23:41:16 INFO  MoblieSearchPage:58 - Clicked Product Search Bar
2020-06-01 23:41:17 INFO  MoblieSearchPage:61 - Search Product Phones
2020-06-01 23:41:17 INFO  MoblieSearchPage:64 - Search Button Clicked
2020-06-01 23:41:31 INFO  MoblieSearchPage:80 - 4 GB Selected 
2020-06-01 23:48:25 INFO  TestBase:45 - Opened URL https://www.flipkart.com
2020-06-01 23:48:28 INFO  MobileSearchPageTest:26 - Pop Up closed
2020-06-01 23:48:41 INFO  MoblieSearchPage:58 - Clicked Product Search Bar
2020-06-01 23:48:42 INFO  MoblieSearchPage:61 - Search Product Phones
2020-06-01 23:48:42 INFO  MoblieSearchPage:64 - Search Button Clicked
2020-06-01 23:48:52 INFO  MoblieSearchPage:80 - 4 GB Selected 
2020-06-01 23:50:59 INFO  TestBase:45 - Opened URL https://www.flipkart.com
2020-06-01 23:51:02 INFO  MobileSearchPageTest:26 - Pop Up closed
2020-06-01 23:51:02 INFO  MoblieSearchPage:58 - Clicked Product Search Bar
2020-06-01 23:51:02 INFO  MoblieSearchPage:61 - Search Product Phones
2020-06-01 23:51:02 INFO  MoblieSearchPage:64 - Search Button Clicked
2020-06-01 23:51:05 INFO  MoblieSearchPage:80 - 4 GB Selected 
2020-06-01 23:55:19 INFO  TestBase:45 - Opened URL https://www.flipkart.com
2020-06-01 23:55:21 INFO  MobileSearchPageTest:26 - Pop Up closed
2020-06-01 23:56:48 INFO  MoblieSearchPage:58 - Clicked Product Search Bar
2020-06-01 23:56:49 INFO  MoblieSearchPage:61 - Search Product Phones
2020-06-01 23:56:49 INFO  MoblieSearchPage:64 - Search Button Clicked
2020-06-01 23:56:53 INFO  MoblieSearchPage:80 - 4 GB Selected 
2020-06-02 00:01:48 INFO  TestBase:45 - Opened URL https://www.flipkart.com
2020-06-02 00:01:50 INFO  MobileSearchPageTest:26 - Pop Up closed
2020-06-02 00:02:44 INFO  TestBase:45 - Opened URL https://www.flipkart.com
2020-06-02 00:02:46 INFO  MobileSearchPageTest:26 - Pop Up closed
2020-06-02 00:07:30 INFO  TestBase:45 - Opened URL https://www.flipkart.com
2020-06-02 00:07:32 INFO  MobileSearchPageTest:26 - Pop Up closed
2020-06-02 00:07:50 INFO  MoblieSearchPage:58 - Clicked Product Search Bar
2020-06-02 00:07:50 INFO  MoblieSearchPage:61 - Search Product Phones
2020-06-02 00:07:50 INFO  MoblieSearchPage:64 - Search Button Clicked
2020-06-02 00:08:08 INFO  MoblieSearchPage:80 - 4 GB Selected 
2020-06-02 00:09:04 INFO  MoblieSearchPage:95 - MiVisible
2020-06-02 00:09:26 INFO  MoblieSearchPage:98 - Mi brand mobiles selected 
2020-06-02 00:23:09 INFO  TestBase:45 - Opened URL https://www.flipkart.com
2020-06-02 00:23:14 INFO  MobileSearchPageTest:26 - Pop Up closed
2020-06-02 00:23:23 INFO  MoblieSearchPage:58 - Clicked Product Search Bar
2020-06-02 00:23:24 INFO  MoblieSearchPage:61 - Search Product Phones
2020-06-02 00:23:24 INFO  MoblieSearchPage:64 - Search Button Clicked
2020-06-02 00:23:28 INFO  MoblieSearchPage:80 - 4 GB Selected 
2020-06-02 00:24:38 INFO  TestBase:45 - Opened URL https://www.flipkart.com
2020-06-02 00:24:40 INFO  MobileSearchPageTest:26 - Pop Up closed
2020-06-02 00:24:51 INFO  MoblieSearchPage:58 - Clicked Product Search Bar
2020-06-02 00:24:51 INFO  MoblieSearchPage:61 - Search Product Phones
2020-06-02 00:24:51 INFO  MoblieSearchPage:64 - Search Button Clicked
2020-06-02 00:24:54 INFO  MoblieSearchPage:80 - 4 GB Selected 
2020-06-02 00:30:08 INFO  TestBase:45 - Opened URL https://www.flipkart.com
2020-06-02 00:30:11 INFO  MobileSearchPageTest:26 - Pop Up closed
2020-06-02 00:31:08 INFO  TestBase:45 - Opened URL https://www.flipkart.com
2020-06-02 00:31:10 INFO  MobileSearchPageTest:26 - Pop Up closed
2020-06-02 00:31:32 INFO  MoblieSearchPage:58 - Clicked Product Search Bar
2020-06-02 00:31:32 INFO  MoblieSearchPage:61 - Search Product Phones
2020-06-02 00:31:32 INFO  MoblieSearchPage:64 - Search Button Clicked
2020-06-02 00:32:06 INFO  MoblieSearchPage:80 - 4 GB Selected 
2020-06-02 00:32:32 INFO  MoblieSearchPage:94 - Element Displayed true
2020-06-02 00:32:32 INFO  MoblieSearchPage:96 - Element Displayed true
2020-06-02 00:32:44 INFO  MoblieSearchPage:99 - Mi brand mobiles selected 
2020-06-02 01:31:52 INFO  TestBase:45 - Opened URL https://www.flipkart.com
2020-06-02 01:31:55 INFO  MobileSearchPageTest:26 - Pop Up closed
2020-06-02 01:31:55 INFO  MoblieSearchPage:59 - Clicked Product Search Bar
2020-06-02 01:31:55 INFO  MoblieSearchPage:62 - Search Product Phones
2020-06-02 01:31:56 INFO  MoblieSearchPage:65 - Search Button Clicked
2020-06-02 01:32:47 INFO  TestBase:45 - Opened URL https://www.flipkart.com
2020-06-02 01:32:50 INFO  MobileSearchPageTest:26 - Pop Up closed
2020-06-02 01:33:06 INFO  MoblieSearchPage:59 - Clicked Product Search Bar
2020-06-02 01:33:07 INFO  MoblieSearchPage:62 - Search Product Phones
2020-06-02 01:33:07 INFO  MoblieSearchPage:65 - Search Button Clicked
2020-06-02 01:33:11 INFO  MoblieSearchPage:81 - 4 GB Selected 
2020-06-02 01:34:04 INFO  MoblieSearchPage:95 - Element Displayed true
2020-06-02 01:34:10 INFO  MoblieSearchPage:97 - Element Displayed true
2020-06-02 01:35:15 INFO  TestBase:45 - Opened URL https://www.flipkart.com
2020-06-02 01:35:18 INFO  MobileSearchPageTest:26 - Pop Up closed
2020-06-02 01:35:30 INFO  MoblieSearchPage:59 - Clicked Product Search Bar
2020-06-02 01:35:31 INFO  MoblieSearchPage:62 - Search Product Phones
2020-06-02 01:35:31 INFO  MoblieSearchPage:65 - Search Button Clicked
2020-06-02 01:35:34 INFO  MoblieSearchPage:81 - 4 GB Selected 
2020-06-02 01:36:19 INFO  MoblieSearchPage:105 - clicked Mobile Search Bar
2020-06-02 01:36:38 INFO  MoblieSearchPage:110 - SearchingNokia
2020-06-02 01:45:29 INFO  TestBase:45 - Opened URL https://www.flipkart.com
2020-06-02 01:45:32 INFO  MobileSearchPageTest:26 - Pop Up closed
2020-06-02 01:45:32 INFO  MoblieSearchPage:59 - Clicked Product Search Bar
2020-06-02 01:45:33 INFO  MoblieSearchPage:62 - Search Product Phones
2020-06-02 01:45:33 INFO  MoblieSearchPage:65 - Search Button Clicked
2020-06-02 01:45:35 INFO  MoblieSearchPage:81 - 4 GB Ram Selected 
2020-06-02 01:45:56 INFO  MoblieSearchPage:105 -  Clicked Mobile Search Bar 
2020-06-02 01:45:56 INFO  MoblieSearchPage:110 -  Searching ZOPO
2020-06-02 01:45:56 INFO  MoblieSearchPage:118 - ZOPO Brand Selected
2020-06-02 15:10:39 INFO  TestBase:45 - Opened URL https://www.flipkart.com
2020-06-02 15:10:42 INFO  MobileSearchPageTest:26 - Pop Up closed
2020-06-02 15:10:43 INFO  MoblieSearchPage:78 - Clicked Product Search Bar
2020-06-02 15:10:43 INFO  MoblieSearchPage:81 - Search Product Phones
2020-06-02 15:10:43 INFO  MoblieSearchPage:84 - Search Button Clicked
2020-06-02 15:11:50 INFO  TestBase:45 - Opened URL https://www.flipkart.com
2020-06-02 15:11:52 INFO  MobileSearchPageTest:26 - Pop Up closed
2020-06-02 15:11:53 INFO  MoblieSearchPage:78 - Clicked Product Search Bar
2020-06-02 15:11:53 INFO  MoblieSearchPage:81 - Search Product Phones
2020-06-02 15:11:53 INFO  MoblieSearchPage:84 - Search Button Clicked
2020-06-02 15:13:39 INFO  TestBase:45 - Opened URL https://www.flipkart.com
2020-06-02 15:13:42 INFO  MobileSearchPageTest:26 - Pop Up closed
2020-06-02 15:13:42 INFO  MoblieSearchPage:78 - Clicked Product Search Bar
2020-06-02 15:13:42 INFO  MoblieSearchPage:81 - Search Product Phones
2020-06-02 15:13:43 INFO  MoblieSearchPage:84 - Search Button Clicked
2020-06-02 15:13:47 INFO  MoblieSearchPage:100 - 4 GB Ram Selected 
2020-06-02 15:14:08 INFO  MoblieSearchPage:124 -  Clicked Mobile Search Bar 
2020-06-02 15:14:08 INFO  MoblieSearchPage:129 -  Searching ZOPO
2020-06-02 15:14:59 INFO  TestBase:45 - Opened URL https://www.flipkart.com
2020-06-02 15:15:01 INFO  MobileSearchPageTest:26 - Pop Up closed
2020-06-02 15:15:02 INFO  MoblieSearchPage:78 - Clicked Product Search Bar
2020-06-02 15:15:02 INFO  MoblieSearchPage:81 - Search Product Phones
2020-06-02 15:15:02 INFO  MoblieSearchPage:84 - Search Button Clicked
2020-06-02 15:15:05 INFO  MoblieSearchPage:100 - 4 GB Ram Selected 
2020-06-02 15:15:26 INFO  MoblieSearchPage:124 -  Clicked Mobile Search Bar 
2020-06-02 15:15:26 INFO  MoblieSearchPage:129 -  Searching ZOPO
2020-06-02 15:16:53 INFO  TestBase:45 - Opened URL https://www.flipkart.com
2020-06-02 15:16:56 INFO  MobileSearchPageTest:26 - Pop Up closed
2020-06-02 15:16:56 INFO  MoblieSearchPage:78 - Clicked Product Search Bar
2020-06-02 15:16:57 INFO  MoblieSearchPage:81 - Search Product Phones
2020-06-02 15:16:57 INFO  MoblieSearchPage:84 - Search Button Clicked
2020-06-02 15:17:00 INFO  MoblieSearchPage:100 - 4 GB Ram Selected 
2020-06-02 15:17:20 INFO  MoblieSearchPage:124 -  Clicked Mobile Search Bar 
2020-06-02 15:17:21 INFO  MoblieSearchPage:129 -  Searching Nokia
2020-06-02 15:17:21 INFO  MoblieSearchPage:137 - Nokia Brand Selected
2020-06-02 15:18:21 INFO  TestBase:45 - Opened URL https://www.flipkart.com
2020-06-02 15:18:24 INFO  MobileSearchPageTest:26 - Pop Up closed
2020-06-02 15:18:24 INFO  MoblieSearchPage:78 - Clicked Product Search Bar
2020-06-02 15:18:24 INFO  MoblieSearchPage:81 - Search Product Phones
2020-06-02 15:18:25 INFO  MoblieSearchPage:84 - Search Button Clicked
2020-06-02 15:18:27 INFO  MoblieSearchPage:100 - 4 GB Ram Selected 
2020-06-02 15:18:48 INFO  MoblieSearchPage:124 -  Clicked Mobile Search Bar 
2020-06-02 15:18:48 INFO  MoblieSearchPage:129 -  Searching Nokia
2020-06-02 15:18:49 INFO  MoblieSearchPage:137 - Nokia Brand Selected
2020-06-02 15:18:52 INFO  MoblieSearchPage:147 - Clicked Nokia 6.2 (Black, 64 GB)
2020-06-02 15:18:52 INFO  MoblieSearchPage:149 - Switched to New Tab
2020-06-02 15:20:03 INFO  TestBase:45 - Opened URL https://www.flipkart.com
2020-06-02 15:20:05 INFO  MobileSearchPageTest:26 - Pop Up closed
2020-06-02 15:20:06 INFO  MoblieSearchPage:78 - Clicked Product Search Bar
2020-06-02 15:20:06 INFO  MoblieSearchPage:81 - Search Product Phones
2020-06-02 15:20:06 INFO  MoblieSearchPage:84 - Search Button Clicked
2020-06-02 15:20:09 INFO  MoblieSearchPage:100 - 4 GB Ram Selected 
2020-06-02 15:20:29 INFO  MoblieSearchPage:124 -  Clicked Mobile Search Bar 
2020-06-02 15:20:29 INFO  MoblieSearchPage:129 -  Searching Nokia
2020-06-02 15:20:30 INFO  MoblieSearchPage:137 - Nokia Brand Selected
2020-06-02 15:20:33 INFO  MoblieSearchPage:147 - Clicked Nokia 6.2 (Black, 64 GB)
2020-06-02 15:20:33 INFO  MoblieSearchPage:149 - Switched to New Tab
2020-06-02 21:49:07 INFO  TestBase:45 - Opened URL https://www.flipkart.com
2020-06-02 21:49:10 INFO  MobileSearchPageTest:26 - Pop Up closed
2020-06-02 21:49:10 INFO  MoblieSearchPage:78 - Clicked Product Search Bar
2020-06-02 21:49:11 INFO  MoblieSearchPage:81 - Search Product Phones
2020-06-02 21:49:11 INFO  MoblieSearchPage:84 - Search Button Clicked
2020-06-02 21:49:15 INFO  MoblieSearchPage:100 - 4 GB Ram Selected 
2020-06-02 21:49:35 INFO  MoblieSearchPage:124 -  Clicked Mobile Search Bar 
2020-06-02 21:49:35 INFO  MoblieSearchPage:129 -  Searching Nokia
2020-06-02 21:49:36 INFO  MoblieSearchPage:137 - Nokia Brand Selected
2020-06-02 21:49:39 INFO  MoblieSearchPage:147 - Clicked Nokia 6.2 (Black, 64 GB)
2020-06-02 21:49:39 INFO  MoblieSearchPage:149 - Switched to New Tab
2020-06-02 21:50:43 INFO  TestBase:45 - Opened URL https://www.flipkart.com
2020-06-02 21:50:46 INFO  MobileSearchPageTest:26 - Pop Up closed
2020-06-02 21:50:46 INFO  MoblieSearchPage:78 - Clicked Product Search Bar
2020-06-02 21:50:46 INFO  MoblieSearchPage:81 - Search Product Phones
2020-06-02 21:50:46 INFO  MoblieSearchPage:84 - Search Button Clicked
2020-06-02 21:52:21 INFO  TestBase:45 - Opened URL https://www.flipkart.com
2020-06-02 21:52:41 INFO  TestBase:45 - Opened URL https://www.flipkart.com
2020-06-02 21:52:44 INFO  MobileSearchPageTest:26 - Pop Up closed
2020-06-02 21:52:44 INFO  MoblieSearchPage:78 - Clicked Product Search Bar
2020-06-02 21:52:44 INFO  MoblieSearchPage:81 - Search Product Phones
2020-06-02 21:52:44 INFO  MoblieSearchPage:84 - Search Button Clicked
2020-06-02 21:52:48 INFO  MoblieSearchPage:100 - 4 GB Ram Selected 
2020-06-02 21:53:08 INFO  MoblieSearchPage:124 -  Clicked Mobile Search Bar 
2020-06-02 21:53:08 INFO  MoblieSearchPage:129 -  Searching Nokia
2020-06-02 21:53:08 INFO  MoblieSearchPage:137 - Nokia Brand Selected
2020-06-02 21:53:12 INFO  MoblieSearchPage:147 - Clicked Nokia 6.2 (Black, 64 GB)
2020-06-02 21:53:12 INFO  MoblieSearchPage:149 - Switched to New Tab
2020-06-02 21:55:40 INFO  TestBase:45 - Opened URL https://www.flipkart.com
2020-06-02 21:55:43 INFO  MobileSearchPageTest:26 - Pop Up closed
2020-06-02 21:55:43 INFO  MoblieSearchPage:78 - Clicked Product Search Bar
2020-06-02 21:55:43 INFO  MoblieSearchPage:81 - Search Product Phones
2020-06-02 21:55:43 INFO  MoblieSearchPage:84 - Search Button Clicked
2020-06-02 21:55:55 INFO  MoblieSearchPage:100 - 4 GB Ram Selected 
2020-06-02 21:56:15 INFO  MoblieSearchPage:124 -  Clicked Mobile Search Bar 
2020-06-02 21:56:15 INFO  MoblieSearchPage:129 -  Searching Nokia
2020-06-02 21:56:15 INFO  MoblieSearchPage:137 - Nokia Brand Selected
2020-06-02 21:56:19 INFO  MoblieSearchPage:147 - Clicked Nokia 6.2 (Black, 64 GB)
2020-06-02 21:56:19 INFO  MoblieSearchPage:149 - Switched to New Tab
2020-06-02 22:03:02 INFO  TestBase:45 - Opened URL https://www.flipkart.com
2020-06-02 22:03:04 INFO  MobileSearchPageTest:26 - Pop Up closed
2020-06-02 22:03:04 INFO  MoblieSearchPage:78 - Clicked Product Search Bar
2020-06-02 22:03:04 INFO  MoblieSearchPage:81 - Search Product Phones
2020-06-02 22:03:05 INFO  MoblieSearchPage:84 - Search Button Clicked
2020-06-02 22:03:11 INFO  MoblieSearchPage:100 - 4 GB Ram Selected 
2020-06-02 22:03:31 INFO  MoblieSearchPage:124 -  Clicked Mobile Search Bar 
2020-06-02 22:03:31 INFO  MoblieSearchPage:129 -  Searching Nokia
2020-06-02 22:03:32 INFO  MoblieSearchPage:137 - Nokia Brand Selected
2020-06-02 22:03:35 INFO  MoblieSearchPage:147 - Clicked Nokia 6.2 (Black, 64 GB)
2020-06-02 22:03:35 INFO  MoblieSearchPage:149 - Switched to New Tab
2020-06-02 22:04:19 INFO  TestBase:45 - Opened URL https://www.flipkart.com
2020-06-02 22:31:06 INFO  TestBase:45 - Opened URL https://www.flipkart.com
2020-06-02 22:31:08 INFO  MobileSearchPageTest:26 - Pop Up closed
2020-06-02 22:31:08 INFO  MoblieSearchPage:78 - Clicked Product Search Bar
2020-06-02 22:31:09 INFO  MoblieSearchPage:81 - Search Product Phones
2020-06-02 22:31:09 INFO  MoblieSearchPage:84 - Search Button Clicked
2020-06-02 22:31:13 INFO  MoblieSearchPage:100 - 4 GB Ram Selected 
2020-06-02 22:31:33 INFO  MoblieSearchPage:124 -  Clicked Mobile Search Bar 
2020-06-02 22:31:34 INFO  MoblieSearchPage:129 -  Searching Nokia
2020-06-02 22:31:34 INFO  MoblieSearchPage:137 - Nokia Brand Selected
2020-06-02 22:31:37 INFO  MoblieSearchPage:147 - Clicked Nokia 6.2 (Black, 64 GB)
2020-06-02 22:31:37 INFO  MoblieSearchPage:149 - Switched to New Tab
2020-06-02 22:33:14 INFO  TestBase:45 - Opened URL https://www.flipkart.com
2020-06-02 22:33:16 INFO  MobileSearchPageTest:26 - Pop Up closed
2020-06-02 22:33:17 INFO  MoblieSearchPage:78 - Clicked Product Search Bar
2020-06-02 22:33:17 INFO  MoblieSearchPage:81 - Search Product Phones
2020-06-02 22:33:17 INFO  MoblieSearchPage:84 - Search Button Clicked
2020-06-02 22:33:21 INFO  MoblieSearchPage:100 - 4 GB Ram Selected 
2020-06-02 22:33:41 INFO  MoblieSearchPage:124 -  Clicked Mobile Search Bar 
2020-06-02 22:33:41 INFO  MoblieSearchPage:129 -  Searching Nokia
2020-06-02 22:33:41 INFO  MoblieSearchPage:137 - Nokia Brand Selected
2020-06-02 22:33:45 INFO  MoblieSearchPage:147 - Clicked Nokia 6.2 (Black, 64 GB)
2020-06-02 22:33:45 INFO  MoblieSearchPage:149 - Switched to New Tab
2020-06-02 22:33:46 INFO  MoblieSearchPage:151 - 
2020-06-02 22:38:00 INFO  TestBase:45 - Opened URL https://www.flipkart.com
2020-06-02 22:38:02 INFO  MobileSearchPageTest:26 - Pop Up closed
2020-06-02 22:38:03 INFO  MoblieSearchPage:78 - Clicked Product Search Bar
2020-06-02 22:38:03 INFO  MoblieSearchPage:81 - Search Product Phones
2020-06-02 22:38:03 INFO  MoblieSearchPage:84 - Search Button Clicked
2020-06-02 22:38:05 INFO  MoblieSearchPage:100 - 4 GB Ram Selected 
2020-06-02 22:38:26 INFO  MoblieSearchPage:124 -  Clicked Mobile Search Bar 
2020-06-02 22:38:26 INFO  MoblieSearchPage:129 -  Searching Nokia
2020-06-02 22:38:26 INFO  MoblieSearchPage:137 - Nokia Brand Selected
2020-06-02 22:38:30 INFO  MoblieSearchPage:147 - Clicked Nokia 6.2 (Black, 64 GB)
2020-06-02 22:38:30 INFO  MoblieSearchPage:149 - Switched to New Tab
2020-06-02 22:38:31 INFO  MoblieSearchPage:151 - 
2020-06-02 22:44:25 INFO  TestBase:45 - Opened URL https://www.flipkart.com
2020-06-02 22:44:27 INFO  MobileSearchPageTest:26 - Pop Up closed
2020-06-02 22:44:27 INFO  MoblieSearchPage:78 - Clicked Product Search Bar
2020-06-02 22:44:27 INFO  MoblieSearchPage:81 - Search Product Phones
2020-06-02 22:44:27 INFO  MoblieSearchPage:84 - Search Button Clicked
2020-06-02 22:44:31 INFO  MoblieSearchPage:100 - 4 GB Ram Selected 
2020-06-02 22:44:51 INFO  MoblieSearchPage:124 -  Clicked Mobile Search Bar 
2020-06-02 22:44:52 INFO  MoblieSearchPage:129 -  Searching Nokia
2020-06-02 22:44:52 INFO  MoblieSearchPage:137 - Nokia Brand Selected
2020-06-02 22:44:55 INFO  MoblieSearchPage:147 - Clicked Nokia 6.2 (Black, 64 GB)
2020-06-02 22:44:55 INFO  MoblieSearchPage:149 - Switched to New Tab
2020-06-02 22:44:56 INFO  MoblieSearchPage:151 - 
2020-06-03 00:34:21 INFO  TestBase:45 - Opened URL https://www.flipkart.com
2020-06-03 00:34:23 INFO  MobileSearchPageTest:26 - Pop Up closed
2020-06-03 00:34:31 INFO  TestBase:45 - Opened URL https://www.flipkart.com
2020-06-03 00:34:33 INFO  MobileSearchPageTest:26 - Pop Up closed
2020-06-03 00:35:01 INFO  TestBase:45 - Opened URL https://www.flipkart.com
2020-06-03 00:35:03 INFO  MobileSearchPageTest:26 - Pop Up closed
2020-06-03 15:33:50 INFO  TestBase:45 - Opened URL https://www.flipkart.com
2020-06-03 15:33:57 INFO  MobileSearchPageTest:31 - Pop Up closed
2020-06-03 15:33:57 INFO  MoblieSearchPage:78 - Clicked Product Search Bar
2020-06-03 15:33:57 INFO  MoblieSearchPage:81 - Search Product Phones
2020-06-03 15:33:57 INFO  MoblieSearchPage:84 - Search Button Clicked
2020-06-03 15:34:29 INFO  TestBase:45 - Opened URL https://www.flipkart.com
2020-06-03 15:34:32 INFO  MobileSearchPageTest:31 - Pop Up closed
2020-06-03 15:35:11 INFO  TestBase:45 - Opened URL https://www.flipkart.com
2020-06-03 15:35:14 INFO  MobileSearchPageTest:31 - Pop Up closed
2020-06-03 15:59:34 INFO  TestBase:45 - Opened URL https://www.flipkart.com
2020-06-03 15:59:36 INFO  MobileSearchPageTest:31 - Pop Up closed
2020-06-03 15:59:43 INFO  TestBase:45 - Opened URL https://www.flipkart.com
2020-06-03 15:59:45 INFO  MobileSearchPageTest:31 - Pop Up closed
2020-06-03 15:59:46 INFO  MoblieSearchPage:76 - Clicked Product Search Bar
2020-06-03 15:59:46 INFO  MoblieSearchPage:79 - Search Product Phones
2020-06-03 15:59:46 INFO  MoblieSearchPage:82 - Search Button Clicked
2020-06-03 15:59:53 INFO  TestBase:45 - Opened URL https://www.flipkart.com
2020-06-03 15:59:56 INFO  MobileSearchPageTest:31 - Pop Up closed
2020-06-03 16:00:23 INFO  TestBase:45 - Opened URL https://www.flipkart.com
2020-06-03 16:00:26 INFO  MobileSearchPageTest:31 - Pop Up closed
2020-06-03 20:10:19 INFO  TestBase:45 - Opened URL https://www.flipkart.com
2020-06-03 20:10:29 INFO  MobileSearchPageTest:31 - Pop Up closed
2020-06-03 20:10:45 INFO  TestBase:45 - Opened URL https://www.flipkart.com
2020-06-03 20:10:51 INFO  MobileSearchPageTest:31 - Pop Up closed
2020-06-03 20:10:51 INFO  MoblieSearchPage:76 - Clicked Product Search Bar
2020-06-03 20:10:52 INFO  MoblieSearchPage:79 - Search Product Phones
2020-06-03 20:10:52 INFO  MoblieSearchPage:82 - Search Button Clicked
2020-06-03 20:11:13 INFO  TestBase:45 - Opened URL https://www.flipkart.com
2020-06-03 20:11:19 INFO  MobileSearchPageTest:31 - Pop Up closed
2020-06-03 20:11:19 INFO  MoblieSearchPage:76 - Clicked Product Search Bar
2020-06-03 20:11:19 INFO  MoblieSearchPage:79 - Search Product Phones
2020-06-03 20:11:20 INFO  MoblieSearchPage:82 - Search Button Clicked
2020-06-03 20:11:22 INFO  MoblieSearchPage:100 - 4 GB Ram Selected 
2020-06-03 20:14:38 INFO  TestBase:45 - Opened URL https://www.flipkart.com
2020-06-03 20:14:40 INFO  MobileSearchPageTest:31 - Pop Up closed
2020-06-03 20:14:48 INFO  TestBase:45 - Opened URL https://www.flipkart.com
2020-06-03 20:14:50 INFO  MobileSearchPageTest:31 - Pop Up closed
2020-06-03 20:14:50 INFO  MoblieSearchPage:76 - Clicked Product Search Bar
2020-06-03 20:14:50 INFO  MoblieSearchPage:79 - Search Product Phones
2020-06-03 20:14:50 INFO  MoblieSearchPage:82 - Search Button Clicked
2020-06-03 20:16:27 INFO  TestBase:45 - Opened URL https://www.flipkart.com
2020-06-03 20:16:30 INFO  MobileSearchPageTest:31 - Pop Up closed
2020-06-03 20:16:39 INFO  TestBase:45 - Opened URL https://www.flipkart.com
2020-06-03 20:16:41 INFO  MobileSearchPageTest:31 - Pop Up closed
2020-06-03 20:16:41 INFO  MoblieSearchPage:76 - Clicked Product Search Bar
2020-06-03 20:16:41 INFO  MoblieSearchPage:79 - Search Product Phones
2020-06-03 20:16:41 INFO  MoblieSearchPage:82 - Search Button Clicked
2020-06-03 20:16:51 INFO  TestBase:45 - Opened URL https://www.flipkart.com
2020-06-03 20:16:53 INFO  MobileSearchPageTest:31 - Pop Up closed
2020-06-03 20:18:03 INFO  TestBase:45 - Opened URL https://www.flipkart.com
2020-06-03 20:18:05 INFO  MobileSearchPageTest:31 - Pop Up closed
2020-06-03 20:18:12 INFO  TestBase:45 - Opened URL https://www.flipkart.com
2020-06-03 20:18:14 INFO  MobileSearchPageTest:31 - Pop Up closed
2020-06-03 20:18:14 INFO  MoblieSearchPage:76 - Clicked Product Search Bar
2020-06-03 20:18:14 INFO  MoblieSearchPage:79 - Search Product Phones
2020-06-03 20:18:15 INFO  MoblieSearchPage:82 - Search Button Clicked
2020-06-03 20:18:23 INFO  TestBase:45 - Opened URL https://www.flipkart.com
2020-06-03 20:18:25 INFO  MobileSearchPageTest:31 - Pop Up closed
2020-06-03 20:29:14 INFO  TestBase:45 - Opened URL https://www.flipkart.com
2020-06-03 20:29:16 INFO  MobileSearchPageTest:31 - Pop Up closed
2020-06-03 20:29:23 INFO  TestBase:45 - Opened URL https://www.flipkart.com
2020-06-03 20:29:25 INFO  MobileSearchPageTest:31 - Pop Up closed
2020-06-03 20:29:25 INFO  MoblieSearchPage:76 - Clicked Product Search Bar
2020-06-03 20:29:25 INFO  MoblieSearchPage:79 - Search Product Phones
2020-06-03 20:29:25 INFO  MoblieSearchPage:82 - Search Button Clicked
2020-06-03 20:29:33 INFO  TestBase:45 - Opened URL https://www.flipkart.com
2020-06-03 20:29:35 INFO  MobileSearchPageTest:31 - Pop Up closed
2020-06-03 20:29:35 INFO  MoblieSearchPage:76 - Clicked Product Search Bar
2020-06-03 20:29:35 INFO  MoblieSearchPage:79 - Search Product Phones
2020-06-03 20:29:35 INFO  MoblieSearchPage:82 - Search Button Clicked
2020-06-03 20:29:37 INFO  MoblieSearchPage:100 - 4 GB Ram Selected 
2020-06-03 20:29:57 INFO  MoblieSearchPage:124 -  Clicked Mobile Search Bar 
2020-06-03 20:29:57 INFO  MoblieSearchPage:129 -  Searching Nokia
2020-06-03 20:29:58 INFO  MoblieSearchPage:137 - Nokia Brand Selected
2020-06-03 20:31:55 INFO  TestBase:45 - Opened URL https://www.flipkart.com
2020-06-03 20:31:57 INFO  MobileSearchPageTest:31 - Pop Up closed
2020-06-03 20:32:07 INFO  TestBase:45 - Opened URL https://www.flipkart.com
2020-06-03 20:32:09 INFO  MobileSearchPageTest:31 - Pop Up closed
2020-06-03 20:32:09 INFO  MoblieSearchPage:76 - Clicked Product Search Bar
2020-06-03 20:32:09 INFO  MoblieSearchPage:79 - Search Product Phones
2020-06-03 20:32:09 INFO  MoblieSearchPage:82 - Search Button Clicked
2020-06-03 20:32:17 INFO  TestBase:45 - Opened URL https://www.flipkart.com
2020-06-03 20:32:19 INFO  MobileSearchPageTest:31 - Pop Up closed
2020-06-03 20:32:19 INFO  MoblieSearchPage:76 - Clicked Product Search Bar
2020-06-03 20:32:19 INFO  MoblieSearchPage:79 - Search Product Phones
2020-06-03 20:32:19 INFO  MoblieSearchPage:82 - Search Button Clicked
2020-06-03 20:32:20 INFO  MoblieSearchPage:100 - 4 GB Ram Selected 
2020-06-03 20:32:40 INFO  MoblieSearchPage:124 -  Clicked Mobile Search Bar 
2020-06-03 20:32:41 INFO  MoblieSearchPage:129 -  Searching Nokia
2020-06-03 20:32:41 INFO  MoblieSearchPage:137 - Nokia Brand Selected
2020-06-03 20:35:19 INFO  TestBase:45 - Opened URL https://www.flipkart.com
2020-06-03 20:35:22 INFO  MobileSearchPageTest:31 - Pop Up closed
2020-06-03 20:35:29 INFO  TestBase:45 - Opened URL https://www.flipkart.com
2020-06-03 20:35:31 INFO  MobileSearchPageTest:31 - Pop Up closed
2020-06-03 20:35:31 INFO  MoblieSearchPage:76 - Clicked Product Search Bar
2020-06-03 20:35:31 INFO  MoblieSearchPage:79 - Search Product Phones
2020-06-03 20:35:31 INFO  MoblieSearchPage:82 - Search Button Clicked
2020-06-03 20:35:38 INFO  TestBase:45 - Opened URL https://www.flipkart.com
2020-06-03 20:35:41 INFO  MobileSearchPageTest:31 - Pop Up closed
2020-06-03 20:35:41 INFO  MoblieSearchPage:76 - Clicked Product Search Bar
2020-06-03 20:35:41 INFO  MoblieSearchPage:79 - Search Product Phones
2020-06-03 20:35:41 INFO  MoblieSearchPage:82 - Search Button Clicked
2020-06-03 20:35:42 INFO  MoblieSearchPage:100 - 4 GB Ram Selected 
2020-06-03 20:35:49 INFO  TestBase:45 - Opened URL https://www.flipkart.com
2020-06-03 20:35:51 INFO  MobileSearchPageTest:31 - Pop Up closed
2020-06-03 20:35:52 INFO  MoblieSearchPage:76 - Clicked Product Search Bar
2020-06-03 20:35:52 INFO  MoblieSearchPage:79 - Search Product Phones
2020-06-03 20:35:52 INFO  MoblieSearchPage:82 - Search Button Clicked
2020-06-03 20:35:53 INFO  MoblieSearchPage:100 - 4 GB Ram Selected 
2020-06-03 20:36:14 INFO  MoblieSearchPage:124 -  Clicked Mobile Search Bar 
2020-06-03 20:36:14 INFO  MoblieSearchPage:129 -  Searching Nokia
2020-06-03 20:36:14 INFO  MoblieSearchPage:137 - Nokia Brand Selected
2020-06-03 20:47:23 INFO  TestBase:45 - Opened URL https://www.flipkart.com
2020-06-03 20:47:26 INFO  MobileSearchPageTest:33 - Pop Up closed
2020-06-03 20:47:33 INFO  TestBase:45 - Opened URL https://www.flipkart.com
2020-06-03 20:47:36 INFO  MobileSearchPageTest:33 - Pop Up closed
2020-06-03 20:47:36 INFO  MoblieSearchPage:76 - Clicked Product Search Bar
2020-06-03 20:47:36 INFO  MoblieSearchPage:79 - Search Product Phones
2020-06-03 20:47:36 INFO  MoblieSearchPage:82 - Search Button Clicked
2020-06-03 20:47:44 INFO  TestBase:45 - Opened URL https://www.flipkart.com
2020-06-03 20:47:46 INFO  MobileSearchPageTest:33 - Pop Up closed
2020-06-03 20:47:46 INFO  MoblieSearchPage:76 - Clicked Product Search Bar
2020-06-03 20:47:46 INFO  MoblieSearchPage:79 - Search Product Phones
2020-06-03 20:47:46 INFO  MoblieSearchPage:82 - Search Button Clicked
2020-06-03 20:47:48 INFO  MoblieSearchPage:100 - 4 GB Ram Selected 
2020-06-03 20:47:55 INFO  TestBase:45 - Opened URL https://www.flipkart.com
2020-06-03 20:47:57 INFO  MobileSearchPageTest:33 - Pop Up closed
2020-06-03 20:47:57 INFO  MoblieSearchPage:76 - Clicked Product Search Bar
2020-06-03 20:47:57 INFO  MoblieSearchPage:79 - Search Product Phones
2020-06-03 20:47:57 INFO  MoblieSearchPage:82 - Search Button Clicked
2020-06-03 20:47:59 INFO  MoblieSearchPage:100 - 4 GB Ram Selected 
2020-06-03 20:48:19 INFO  MoblieSearchPage:124 -  Clicked Mobile Search Bar 
2020-06-03 20:48:19 INFO  MoblieSearchPage:129 -  Searching Nokia
2020-06-03 20:48:19 INFO  MoblieSearchPage:137 - Nokia Brand Selected
2020-06-03 20:48:26 INFO  TestBase:45 - Opened URL https://www.flipkart.com
2020-06-03 20:48:29 INFO  MobileSearchPageTest:33 - Pop Up closed
2020-06-03 20:48:29 INFO  MoblieSearchPage:76 - Clicked Product Search Bar
2020-06-03 20:48:29 INFO  MoblieSearchPage:79 - Search Product Phones
2020-06-03 20:48:29 INFO  MoblieSearchPage:82 - Search Button Clicked
2020-06-03 20:48:30 INFO  MoblieSearchPage:100 - 4 GB Ram Selected 
2020-06-03 20:48:50 INFO  MoblieSearchPage:124 -  Clicked Mobile Search Bar 
2020-06-03 20:48:51 INFO  MoblieSearchPage:129 -  Searching Nokia
2020-06-03 20:48:51 INFO  MoblieSearchPage:137 - Nokia Brand Selected
2020-06-03 20:48:51 INFO  MoblieSearchPage:147 - Clicked Nokia 6.2 (Black, 64 GB)
2020-06-03 20:48:51 INFO  MoblieSearchPage:148 - Switched to New Tab
2020-06-03 20:48:51 INFO  MoblieSearchPage:150 - Phones - Buy Products Online at Best Price in India - All Categories | Flipkart.com
2020-06-03 20:59:10 INFO  TestBase:45 - Opened URL https://www.flipkart.com
2020-06-03 20:59:12 INFO  MobileSearchPageTest:33 - Pop Up closed
2020-06-03 20:59:21 INFO  TestBase:45 - Opened URL https://www.flipkart.com
2020-06-03 20:59:24 INFO  MobileSearchPageTest:33 - Pop Up closed
2020-06-03 20:59:24 INFO  MoblieSearchPage:76 - Clicked Product Search Bar
2020-06-03 20:59:24 INFO  MoblieSearchPage:79 - Search Product Phones
2020-06-03 20:59:24 INFO  MoblieSearchPage:82 - Search Button Clicked
2020-06-03 20:59:33 INFO  TestBase:45 - Opened URL https://www.flipkart.com
2020-06-03 20:59:35 INFO  MobileSearchPageTest:33 - Pop Up closed
2020-06-03 20:59:35 INFO  MoblieSearchPage:76 - Clicked Product Search Bar
2020-06-03 20:59:35 INFO  MoblieSearchPage:79 - Search Product Phones
2020-06-03 20:59:36 INFO  MoblieSearchPage:82 - Search Button Clicked
2020-06-03 20:59:37 INFO  MoblieSearchPage:100 - 4 GB Ram Selected 
2020-06-03 20:59:45 INFO  TestBase:45 - Opened URL https://www.flipkart.com
2020-06-03 20:59:48 INFO  MobileSearchPageTest:33 - Pop Up closed
2020-06-03 20:59:48 INFO  MoblieSearchPage:76 - Clicked Product Search Bar
2020-06-03 20:59:48 INFO  MoblieSearchPage:79 - Search Product Phones
2020-06-03 20:59:48 INFO  MoblieSearchPage:82 - Search Button Clicked
2020-06-03 20:59:50 INFO  MoblieSearchPage:100 - 4 GB Ram Selected 
2020-06-03 21:00:10 INFO  MoblieSearchPage:124 -  Clicked Mobile Search Bar 
2020-06-03 21:00:10 INFO  MoblieSearchPage:129 -  Searching Nokia
2020-06-03 21:00:10 INFO  MoblieSearchPage:137 - Nokia Brand Selected
2020-06-03 21:00:27 INFO  TestBase:45 - Opened URL https://www.flipkart.com
2020-06-03 21:00:32 INFO  MobileSearchPageTest:33 - Pop Up closed
2020-06-03 21:00:33 INFO  MoblieSearchPage:76 - Clicked Product Search Bar
2020-06-03 21:00:33 INFO  MoblieSearchPage:79 - Search Product Phones
2020-06-03 21:00:33 INFO  MoblieSearchPage:82 - Search Button Clicked
2020-06-03 21:00:35 INFO  MoblieSearchPage:100 - 4 GB Ram Selected 
2020-06-03 21:00:55 INFO  MoblieSearchPage:124 -  Clicked Mobile Search Bar 
2020-06-03 21:00:55 INFO  MoblieSearchPage:129 -  Searching Nokia
2020-06-03 21:00:55 INFO  MoblieSearchPage:137 - Nokia Brand Selected
2020-06-03 21:00:56 INFO  MoblieSearchPage:147 - Clicked Nokia 6.2 (Black, 64 GB)
2020-06-03 21:00:56 INFO  MoblieSearchPage:148 - Switched to New Tab
2020-06-03 21:00:56 INFO  MoblieSearchPage:150 - Phones - Buy Products Online at Best Price in India - All Categories | Flipkart.com
2020-06-03 21:01:07 INFO  TestBase:45 - Opened URL https://www.flipkart.com
2020-06-03 21:01:10 INFO  MobileSearchPageTest:33 - Pop Up closed
2020-06-03 21:01:10 INFO  MoblieSearchPage:76 - Clicked Product Search Bar
2020-06-03 21:01:10 INFO  MoblieSearchPage:79 - Search Product Phones
2020-06-03 21:01:10 INFO  MoblieSearchPage:82 - Search Button Clicked
2020-06-03 21:01:12 INFO  MoblieSearchPage:100 - 4 GB Ram Selected 
2020-06-03 21:01:32 INFO  MoblieSearchPage:124 -  Clicked Mobile Search Bar 
2020-06-03 21:01:32 INFO  MoblieSearchPage:129 -  Searching Nokia
2020-06-03 21:01:33 INFO  MoblieSearchPage:137 - Nokia Brand Selected
2020-06-03 21:01:33 INFO  MoblieSearchPage:147 - Clicked Nokia 6.2 (Black, 64 GB)
2020-06-03 21:01:33 INFO  MoblieSearchPage:148 - Switched to New Tab
2020-06-03 21:01:33 INFO  MoblieSearchPage:150 - Phones - Buy Products Online at Best Price in India - All Categories | Flipkart.com
